<testsuites id="" name="" tests="5" failures="0" skipped="0" errors="0" time="5.067833">
<testsuite name="server-startup.spec.ts" timestamp="2025-09-16T11:46:46.301Z" hostname="chromium" tests="1" failures="0" skipped="0" time="1.697" errors="0">
<testcase name="Server Startup Tests › should serve the main page with correct content" classname="server-startup.spec.ts" time="1.697">
<system-out>
<![CDATA[✅ Sophisticated dashboard content is served correctly
]]>
</system-out>
</testcase>
</testsuite>
<testsuite name="server-startup.spec.ts" timestamp="2025-09-16T11:46:46.301Z" hostname="firefox" tests="1" failures="0" skipped="0" time="2.777" errors="0">
<testcase name="Server Startup Tests › should serve the main page with correct content" classname="server-startup.spec.ts" time="2.777">
<system-out>
<![CDATA[✅ Sophisticated dashboard content is served correctly
]]>
</system-out>
</testcase>
</testsuite>
<testsuite name="server-startup.spec.ts" timestamp="2025-09-16T11:46:46.301Z" hostname="webkit" tests="1" failures="0" skipped="0" time="2.268" errors="0">
<testcase name="Server Startup Tests › should serve the main page with correct content" classname="server-startup.spec.ts" time="2.268">
<system-out>
<![CDATA[✅ Sophisticated dashboard content is served correctly
]]>
</system-out>
</testcase>
</testsuite>
<testsuite name="server-startup.spec.ts" timestamp="2025-09-16T11:46:46.301Z" hostname="Mobile Chrome" tests="1" failures="0" skipped="0" time="1.694" errors="0">
<testcase name="Server Startup Tests › should serve the main page with correct content" classname="server-startup.spec.ts" time="1.694">
<system-out>
<![CDATA[✅ Sophisticated dashboard content is served correctly
]]>
</system-out>
</testcase>
</testsuite>
<testsuite name="server-startup.spec.ts" timestamp="2025-09-16T11:46:46.301Z" hostname="Mobile Safari" tests="1" failures="0" skipped="0" time="2.269" errors="0">
<testcase name="Server Startup Tests › should serve the main page with correct content" classname="server-startup.spec.ts" time="2.269">
<system-out>
<![CDATA[✅ Sophisticated dashboard content is served correctly
]]>
</system-out>
</testcase>
</testsuite>
</testsuites>